<?xml version="1.0" encoding="UTF-8"?>
<testsuite xmlns:xsi="http://www.w3.org/2001/XMLSchema-instance" xsi:noNamespaceSchemaLocation="https://maven.apache.org/surefire/maven-surefire-plugin/xsd/surefire-test-report-3.0.xsd" version="3.0" name="com.alouane.ayoub.exam.AlouaneAyoubExamJeeApplicationTests" time="18.023" tests="1" errors="0" skipped="0" failures="0">
  <properties>
[...]
</properties>
  <testcase name="contextLoads" classname="com.alouane.ayoub.exam.AlouaneAyoubExamJeeApplicationTests" time="1.689">
    <system-out><![CDATA[09:53:14.058 [main] INFO org.springframework.test.context.support.AnnotationConfigContextLoaderUtils -- Could not detect default configuration classes for test class [com.alouane.ayoub.exam.AlouaneAyoubExamJeeApplicationTests]: AlouaneAyoubExamJeeApplicationTests does not declare any static, non-private, non-final, nested classes annotated with @Configuration.
09:53:14.293 [main] INFO org.springframework.boot.test.context.SpringBootTestContextBootstrapper -- Found @SpringBootConfiguration com.alouane.ayoub.exam.AlouaneAyoubExamJeeApplication for test class com.alouane.ayoub.exam.AlouaneAyoubExamJeeApplicationTests

  .   ____          _            __ _ _
 /\\ / ___'_ __ _ _(_)_ __  __ _ \ \ \ \
( ( )\___ | '_ | '_| | '_ \/ _` | \ \ \ \
 \\/  ___)| |_)| | | | | || (_| |  ) ) ) )
  '  |____| .__|_| |_|_| |_\__, | / / / /
 =========|_|==============|___/=/_/_/_/
 :: Spring Boot ::                (v3.2.5)

2026-05-11T09:53:15.340+01:00  INFO 29252 --- [alouane-ayoub-exam-jee] [           main] .a.e.AlouaneAyoubExamJeeApplicationTests : Starting AlouaneAyoubExamJeeApplicationTests using Java 17.0.17 with PID 29252 (started by ayoub in C:\0.fake_desktop\1-S4\Archi JEE & Middleware\EXAM\ALOUANE-Ayoub-EXAM-JEE\ALOUANE-Ayoub-Exam-JEE\ALOUANE-Ayoub-Exam-JEE)
2026-05-11T09:53:15.344+01:00  INFO 29252 --- [alouane-ayoub-exam-jee] [           main] .a.e.AlouaneAyoubExamJeeApplicationTests : No active profile set, falling back to 1 default profile: "default"
2026-05-11T09:53:17.194+01:00  INFO 29252 --- [alouane-ayoub-exam-jee] [           main] .s.d.r.c.RepositoryConfigurationDelegate : Bootstrapping Spring Data JPA repositories in DEFAULT mode.
2026-05-11T09:53:17.390+01:00  INFO 29252 --- [alouane-ayoub-exam-jee] [           main] .s.d.r.c.RepositoryConfigurationDelegate : Finished Spring Data repository scanning in 173 ms. Found 5 JPA repository interfaces.
2026-05-11T09:53:18.651+01:00  INFO 29252 --- [alouane-ayoub-exam-jee] [           main] o.hibernate.jpa.internal.util.LogHelper  : HHH000204: Processing PersistenceUnitInfo [name: default]
2026-05-11T09:53:18.844+01:00  INFO 29252 --- [alouane-ayoub-exam-jee] [           main] org.hibernate.Version                    : HHH000412: Hibernate ORM core version 6.4.4.Final
2026-05-11T09:53:18.941+01:00  INFO 29252 --- [alouane-ayoub-exam-jee] [           main] o.h.c.internal.RegionFactoryInitiator    : HHH000026: Second-level cache disabled
2026-05-11T09:53:19.805+01:00  INFO 29252 --- [alouane-ayoub-exam-jee] [           main] o.s.o.j.p.SpringPersistenceUnitInfo      : No LoadTimeWeaver setup: ignoring JPA class transformer
2026-05-11T09:53:19.868+01:00  INFO 29252 --- [alouane-ayoub-exam-jee] [           main] com.zaxxer.hikari.HikariDataSource       : HikariPool-1 - Starting...
2026-05-11T09:53:20.162+01:00  INFO 29252 --- [alouane-ayoub-exam-jee] [           main] com.zaxxer.hikari.pool.HikariPool        : HikariPool-1 - Added connection conn0: url=jdbc:h2:mem:insurancedb user=SA
2026-05-11T09:53:20.164+01:00  INFO 29252 --- [alouane-ayoub-exam-jee] [           main] com.zaxxer.hikari.HikariDataSource       : HikariPool-1 - Start completed.
2026-05-11T09:53:20.301+01:00  WARN 29252 --- [alouane-ayoub-exam-jee] [           main] org.hibernate.orm.deprecation            : HHH90000025: H2Dialect does not need to be specified explicitly using 'hibernate.dialect' (remove the property setting and it will be selected by default)
2026-05-11T09:53:23.680+01:00  INFO 29252 --- [alouane-ayoub-exam-jee] [           main] o.h.e.t.j.p.i.JtaPlatformInitiator       : HHH000489: No JTA platform available (set 'hibernate.transaction.jta.platform' to enable JTA platform integration)
Hibernate: create table app_role (role_name varchar(255) not null, primary key (role_name))
Hibernate: create table app_user (id bigint generated by default as identity, password varchar(255), username varchar(255), primary key (id))
Hibernate: create table app_user_roles (app_user_id bigint not null, roles_role_name varchar(255) not null)
Hibernate: create table client (id bigint generated by default as identity, email varchar(255), nom varchar(255), primary key (id))
Hibernate: create table contract (type varchar(3) not null, id bigint generated by default as identity, date_souscription date, date_validation date, duree integer, montant_cotisation float(53), statut varchar(255) check (statut in ('EN_COURS','VALIDE','RESILIE')), taux_couverture float(53), marque varchar(255), matricule varchar(255), modele varchar(255), adresse varchar(255), superficie float(53), type_logement varchar(255) check (type_logement in ('APPARTEMENT','MAISON','LOCAL_COMMERCIAL')), niveau_couverture varchar(255) check (niveau_couverture in ('BASIQUE','INTERMEDIAIRE','PREMIUM')), nombre_personnes integer, client_id bigint, primary key (id))
Hibernate: create table payment (id bigint generated by default as identity, date date, montant float(53), type varchar(255) check (type in ('MENSUALITE','PAIEMENT_ANNUEL','PAIEMENT_EXCEPTIONNEL')), contract_id bigint, primary key (id))
Hibernate: alter table if exists app_user drop constraint if exists UK_3k4cplvh82srueuttfkwnylq0
Hibernate: alter table if exists app_user add constraint UK_3k4cplvh82srueuttfkwnylq0 unique (username)
Hibernate: alter table if exists app_user_roles add constraint FKd9387jpe2r0vanlt99sigmxha foreign key (roles_role_name) references app_role
Hibernate: alter table if exists app_user_roles add constraint FKkwxexnudtp5gmt82j0qtytnoe foreign key (app_user_id) references app_user
Hibernate: alter table if exists contract add constraint FKlhq3p3xl25vvnfvyfc51ica0j foreign key (client_id) references client
Hibernate: alter table if exists payment add constraint FKtosfjyexe2i8iwcap804fna4b foreign key (contract_id) references contract
2026-05-11T09:53:23.885+01:00  INFO 29252 --- [alouane-ayoub-exam-jee] [           main] j.LocalContainerEntityManagerFactoryBean : Initialized JPA EntityManagerFactory for persistence unit 'default'
2026-05-11T09:53:25.266+01:00  WARN 29252 --- [alouane-ayoub-exam-jee] [           main] JpaBaseConfiguration$JpaWebConfiguration : spring.jpa.open-in-view is enabled by default. Therefore, database queries may be performed during view rendering. Explicitly configure spring.jpa.open-in-view to disable this warning
2026-05-11T09:53:26.657+01:00  INFO 29252 --- [alouane-ayoub-exam-jee] [           main] o.s.s.web.DefaultSecurityFilterChain     : Will secure any request with [org.springframework.security.web.session.DisableEncodeUrlFilter@174d5cf7, org.springframework.security.web.context.request.async.WebAsyncManagerIntegrationFilter@597eb9ac, org.springframework.security.web.context.SecurityContextHolderFilter@31c800a5, org.springframework.security.web.header.HeaderWriterFilter@1da5635e, org.springframework.web.filter.CorsFilter@65c66fc4, org.springframework.security.web.authentication.logout.LogoutFilter@52c68925, com.alouane.ayoub.exam.security.JwtAuthorizationFilter@7a90f33d, org.springframework.security.web.savedrequest.RequestCacheAwareFilter@648bfebe, org.springframework.security.web.servletapi.SecurityContextHolderAwareRequestFilter@383a5260, org.springframework.security.web.authentication.AnonymousAuthenticationFilter@7c7b27c, org.springframework.security.web.session.SessionManagementFilter@4f7da3a2, org.springframework.security.web.access.ExceptionTranslationFilter@536f389, org.springframework.security.web.access.intercept.AuthorizationFilter@8a8cab8]
2026-05-11T09:53:27.892+01:00  INFO 29252 --- [alouane-ayoub-exam-jee] [           main] o.s.b.a.h2.H2ConsoleAutoConfiguration    : H2 console available at '/h2-console'. Database available at 'jdbc:h2:mem:insurancedb'
2026-05-11T09:53:28.161+01:00  INFO 29252 --- [alouane-ayoub-exam-jee] [           main] .a.e.AlouaneAyoubExamJeeApplicationTests : Started AlouaneAyoubExamJeeApplicationTests in 13.521 seconds (process running for 15.689)
Hibernate: select ar1_0.role_name from app_role ar1_0 where ar1_0.role_name=?
Hibernate: insert into app_role (role_name) values (?)
Hibernate: select ar1_0.role_name from app_role ar1_0 where ar1_0.role_name=?
Hibernate: insert into app_role (role_name) values (?)
Hibernate: insert into app_user (password,username,id) values (?,?,default)
Hibernate: insert into app_user (password,username,id) values (?,?,default)
Hibernate: select au1_0.id,au1_0.password,au1_0.username from app_user au1_0 where au1_0.username=?
Hibernate: select r1_0.app_user_id,r1_1.role_name from app_user_roles r1_0 join app_role r1_1 on r1_1.role_name=r1_0.roles_role_name where r1_0.app_user_id=?
Hibernate: select ar1_0.role_name from app_role ar1_0 where ar1_0.role_name=?
Hibernate: insert into app_user_roles (app_user_id,roles_role_name) values (?,?)
Hibernate: select au1_0.id,au1_0.password,au1_0.username from app_user au1_0 where au1_0.username=?
Hibernate: select r1_0.app_user_id,r1_1.role_name from app_user_roles r1_0 join app_role r1_1 on r1_1.role_name=r1_0.roles_role_name where r1_0.app_user_id=?
Hibernate: select ar1_0.role_name from app_role ar1_0 where ar1_0.role_name=?
Hibernate: insert into app_user_roles (app_user_id,roles_role_name) values (?,?)
Hibernate: select au1_0.id,au1_0.password,au1_0.username from app_user au1_0 where au1_0.username=?
Hibernate: select r1_0.app_user_id,r1_1.role_name from app_user_roles r1_0 join app_role r1_1 on r1_1.role_name=r1_0.roles_role_name where r1_0.app_user_id=?
Hibernate: select ar1_0.role_name from app_role ar1_0 where ar1_0.role_name=?
Hibernate: delete from app_user_roles where app_user_id=?
Hibernate: insert into app_user_roles (app_user_id,roles_role_name) values (?,?)
Hibernate: insert into app_user_roles (app_user_id,roles_role_name) values (?,?)
Hibernate: insert into client (email,nom,id) values (?,?,default)
Hibernate: insert into client (email,nom,id) values (?,?,default)
Hibernate: insert into contract (client_id,date_souscription,date_validation,duree,montant_cotisation,statut,taux_couverture,marque,matricule,modele,type,id) values (?,?,?,?,?,?,?,?,?,?,'AUT',default)
Hibernate: insert into contract (client_id,date_souscription,date_validation,duree,montant_cotisation,statut,taux_couverture,adresse,superficie,type_logement,type,id) values (?,?,?,?,?,?,?,?,?,?,'HAB',default)
Hibernate: insert into contract (client_id,date_souscription,date_validation,duree,montant_cotisation,statut,taux_couverture,niveau_couverture,nombre_personnes,type,id) values (?,?,?,?,?,?,?,?,?,'SAN',default)
Hibernate: insert into payment (contract_id,date,montant,type,id) values (?,?,?,?,default)
Hibernate: insert into payment (contract_id,date,montant,type,id) values (?,?,?,?,default)
Database successfully seeded with test data.
]]></system-out>
  </testcase>
</testsuite>